<?xml version="1.0" encoding="UTF-8"?>
<!-- Generated by org.testng.reporters.JUnitXMLReporter -->
<testsuite hostname="Jahongirs-MacBook-Pro.local" name="Test" tests="5" failures="0" timestamp="7 Nov 2019 00:45:07 GMT" time="5.881" errors="0">
  <testcase name="launchBrowser_URL" time="4.645" classname="OLB.SPR_Calculator"/>
  <testcase name="validateHomePage" time="0.148" classname="OLB.SPR_Calculator"/>
  <testcase name="calculateArea_A" time="0.464" classname="OLB.SPR_Calculator"/>
  <testcase name="calculateArea_B" time="0.313" classname="OLB.SPR_Calculator"/>
  <testcase name="calculateArea_whole" time="0.297" classname="OLB.SPR_Calculator"/>
</testsuite> <!-- Test -->
