<?xml version="1.0" encoding="UTF-8"?>
<!-- Generated by org.testng.reporters.JUnitXMLReporter -->
<testsuite hostname="Jahongirs-MacBook-Pro.local" name="Validating User login" tests="5" failures="0" timestamp="7 Nov 2019 01:00:47 GMT" time="6.981" errors="0">
  <testcase name="launchBrowser_URL" time="5.521" classname="OLB.SPR_Calculator"/>
  <testcase name="validateHomePage" time="0.348" classname="OLB.SPR_Calculator"/>
  <testcase name="calculateArea_A" time="0.454" classname="OLB.SPR_Calculator"/>
  <testcase name="calculateArea_B" time="0.313" classname="OLB.SPR_Calculator"/>
  <testcase name="calculateArea_whole" time="0.328" classname="OLB.SPR_Calculator"/>
</testsuite> <!-- Validating User login -->
